[2020-03-24 12:49:34] local.ERROR: SQLSTATE[HY000] [2002] No connection could be made because the target machine actively refused it.
 (SQL: select * from `users` where `id` = 1 limit 1) (View: C:\Users\allen\Documents\SCHOOL\ICS\Third Year\questionnaire_app\resources\views\welcome.blade.php) {"exception":"[object] (Facade\\Ignition\\Exceptions\\ViewException(code: 0): SQLSTATE[HY000] [2002] No connection could be made because the target machine actively refused it.
 (SQL: select * from `users` where `id` = 1 limit 1) (View: C:\\Users\\allen\\Documents\\SCHOOL\\ICS\\Third Year\\questionnaire_app\esources\\views\\welcome.blade.php) at C:\\Users\\allen\\Documents\\SCHOOL\\ICS\\Third Year\\questionnaire_app\\vendor\\laravel\\framework\\src\\Illuminate\\Database\\Connection.php:669)
[stacktrace]
#0 C:\\Users\\allen\\Documents\\SCHOOL\\ICS\\Third Year\\questionnaire_app\\vendor\\laravel\\framework\\src\\Illuminate\\Database\\Connection.php(629): Illuminate\\Database\\Connection->runQueryCallback('select * from `...', Array, Object(Closure))
#1 C:\\Users\\allen\\Documents\\SCHOOL\\ICS\\Third Year\\questionnaire_app\\vendor\\laravel\\framework\\src\\Illuminate\\Database\\Connection.php(338): Illuminate\\Database\\Connection->run('select * from `...', Array, Object(Closure))
#2 C:\\Users\\allen\\Documents\\SCHOOL\\ICS\\Third Year\\questionnaire_app\\vendor\\laravel\\framework\\src\\Illuminate\\Database\\Query\\Builder.php(2149): Illuminate\\Database\\Connection->select('select * from `...', Array, true)
#3 C:\\Users\\allen\\Documents\\SCHOOL\\ICS\\Third Year\\questionnaire_app\\vendor\\laravel\\framework\\src\\Illuminate\\Database\\Query\\Builder.php(2137): Illuminate\\Database\\Query\\Builder->runSelect()
#4 C:\\Users\\allen\\Documents\\SCHOOL\\ICS\\Third Year\\questionnaire_app\\vendor\\laravel\\framework\\src\\Illuminate\\Database\\Query\\Builder.php(2609): Illuminate\\Database\\Query\\Builder->Illuminate\\Database\\Query\\{closure}()
#5 C:\\Users\\allen\\Documents\\SCHOOL\\ICS\\Third Year\\questionnaire_app\\vendor\\laravel\\framework\\src\\Illuminate\\Database\\Query\\Builder.php(2138): Illuminate\\Database\\Query\\Builder->onceWithColumns(Array, Object(Closure))
#6 C:\\Users\\allen\\Documents\\SCHOOL\\ICS\\Third Year\\questionnaire_app\\vendor\\laravel\\framework\\src\\Illuminate\\Database\\Eloquent\\Builder.php(537): Illuminate\\Database\\Query\\Builder->get(Array)
#7 C:\\Users\\allen\\Documents\\SCHOOL\\ICS\\Third Year\\questionnaire_app\\vendor\\laravel\\framework\\src\\Illuminate\\Database\\Eloquent\\Builder.php(521): Illuminate\\Database\\Eloquent\\Builder->getModels(Array)
#8 C:\\Users\\allen\\Documents\\SCHOOL\\ICS\\Third Year\\questionnaire_app\\vendor\\laravel\\framework\\src\\Illuminate\\Database\\Concerns\\BuildsQueries.php(143): Illuminate\\Database\\Eloquent\\Builder->get(Array)
#9 C:\\Users\\allen\\Documents\\SCHOOL\\ICS\\Third Year\\questionnaire_app\\vendor\\laravel\\framework\\src\\Illuminate\\Auth\\EloquentUserProvider.php(52): Illuminate\\Database\\Eloquent\\Builder->first()
#10 C:\\Users\\allen\\Documents\\SCHOOL\\ICS\\Third Year\\questionnaire_app\\vendor\\laravel\\framework\\src\\Illuminate\\Auth\\SessionGuard.php(139): Illuminate\\Auth\\EloquentUserProvider->retrieveById(1)
#11 C:\\Users\\allen\\Documents\\SCHOOL\\ICS\\Third Year\\questionnaire_app\\vendor\\laravel\\framework\\src\\Illuminate\\Auth\\GuardHelpers.php(60): Illuminate\\Auth\\SessionGuard->user()
#12 C:\\Users\\allen\\Documents\\SCHOOL\\ICS\\Third Year\\questionnaire_app\esources\\views/welcome.blade.php(70): Illuminate\\Auth\\SessionGuard->check()
#13 C:\\Users\\allen\\Documents\\SCHOOL\\ICS\\Third Year\\questionnaire_app\\vendor\\laravel\\framework\\src\\Illuminate\\View\\Engines\\PhpEngine.php(43): include('C:\\\\Users\\\\allen\\\\...')
#14 C:\\Users\\allen\\Documents\\SCHOOL\\ICS\\Third Year\\questionnaire_app\\vendor\\laravel\\framework\\src\\Illuminate\\View\\Engines\\CompilerEngine.php(59): Illuminate\\View\\Engines\\PhpEngine->evaluatePath('C:\\\\Users\\\\allen\\\\...', Array)
#15 C:\\Users\\allen\\Documents\\SCHOOL\\ICS\\Third Year\\questionnaire_app\\vendor\\facade\\ignition\\src\\Views\\Engines\\CompilerEngine.php(36): Illuminate\\View\\Engines\\CompilerEngine->get('C:\\\\Users\\\\allen\\\\...', Array)
#16 C:\\Users\\allen\\Documents\\SCHOOL\\ICS\\Third Year\\questionnaire_app\\vendor\\laravel\\framework\\src\\Illuminate\\View\\View.php(143): Facade\\Ignition\\Views\\Engines\\CompilerEngine->get('C:\\\\Users\\\\allen\\\\...', Array)
#17 C:\\Users\\allen\\Documents\\SCHOOL\\ICS\\Third Year\\questionnaire_app\\vendor\\laravel\\framework\\src\\Illuminate\\View\\View.php(126): Illuminate\\View\\View->getContents()
#18 C:\\Users\\allen\\Documents\\SCHOOL\\ICS\\Third Year\\questionnaire_app\\vendor\\laravel\\framework\\src\\Illuminate\\View\\View.php(91): Illuminate\\View\\View->renderContents()
#19 C:\\Users\\allen\\Documents\\SCHOOL\\ICS\\Third Year\\questionnaire_app\\vendor\\laravel\\framework\\src\\Illuminate\\Http\\Response.php(42): Illuminate\\View\\View->render()
#20 C:\\Users\\allen\\Documents\\SCHOOL\\ICS\\Third Year\\questionnaire_app\\vendor\\symfony\\http-foundation\\Response.php(202): Illuminate\\Http\\Response->setContent(Object(Illuminate\\View\\View))
#21 C:\\Users\\allen\\Documents\\SCHOOL\\ICS\\Third Year\\questionnaire_app\\vendor\\laravel\\framework\\src\\Illuminate\\Routing\\Router.php(749): Symfony\\Component\\HttpFoundation\\Response->__construct(Object(Illuminate\\View\\View), 200, Array)
#22 C:\\Users\\allen\\Documents\\SCHOOL\\ICS\\Third Year\\questionnaire_app\\vendor\\laravel\\framework\\src\\Illuminate\\Routing\\Router.php(721): Illuminate\\Routing\\Router::toResponse(Object(Illuminate\\Http\\Request), Object(Illuminate\\View\\View))
#23 C:\\Users\\allen\\Documents\\SCHOOL\\ICS\\Third Year\\questionnaire_app\\vendor\\laravel\\framework\\src\\Illuminate\\Routing\\Router.php(681): Illuminate\\Routing\\Router->prepareResponse(Object(Illuminate\\Http\\Request), Object(Illuminate\\View\\View))
#24 C:\\Users\\allen\\Documents\\SCHOOL\\ICS\\Third Year\\questionnaire_app\\vendor\\laravel\\framework\\src\\Illuminate\\Pipeline\\Pipeline.php(130): Illuminate\\Routing\\Router->Illuminate\\Routing\\{closure}(Object(Illuminate\\Http\\Request))
#25 C:\\Users\\allen\\Documents\\SCHOOL\\ICS\\Third Year\\questionnaire_app\\vendor\\laravel\\framework\\src\\Illuminate\\Routing\\Middleware\\SubstituteBindings.php(41): Illuminate\\Pipeline\\Pipeline->Illuminate\\Pipeline\\{closure}(Object(Illuminate\\Http\\Request))
#26 C:\\Users\\allen\\Documents\\SCHOOL\\ICS\\Third Year\\questionnaire_app\\vendor\\laravel\\framework\\src\\Illuminate\\Pipeline\\Pipeline.php(171): Illuminate\\Routing\\Middleware\\SubstituteBindings->handle(Object(Illuminate\\Http\\Request), Object(Closure))
#27 C:\\Users\\allen\\Documents\\SCHOOL\\ICS\\Third Year\\questionnaire_app\\vendor\\laravel\\framework\\src\\Illuminate\\Foundation\\Http\\Middleware\\VerifyCsrfToken.php(76): Illuminate\\Pipeline\\Pipeline->Illuminate\\Pipeline\\{closure}(Object(Illuminate\\Http\\Request))
#28 C:\\Users\\allen\\Documents\\SCHOOL\\ICS\\Third Year\\questionnaire_app\\vendor\\laravel\\framework\\src\\Illuminate\\Pipeline\\Pipeline.php(171): Illuminate\\Foundation\\Http\\Middleware\\VerifyCsrfToken->handle(Object(Illuminate\\Http\\Request), Object(Closure))
#29 C:\\Users\\allen\\Documents\\SCHOOL\\ICS\\Third Year\\questionnaire_app\\vendor\\laravel\\framework\\src\\Illuminate\\View\\Middleware\\ShareErrorsFromSession.php(49): Illuminate\\Pipeline\\Pipeline->Illuminate\\Pipeline\\{closure}(Object(Illuminate\\Http\\Request))
#30 C:\\Users\\allen\\Documents\\SCHOOL\\ICS\\Third Year\\questionnaire_app\\vendor\\laravel\\framework\\src\\Illuminate\\Pipeline\\Pipeline.php(171): Illuminate\\View\\Middleware\\ShareErrorsFromSession->handle(Object(Illuminate\\Http\\Request), Object(Closure))
#31 C:\\Users\\allen\\Documents\\SCHOOL\\ICS\\Third Year\\questionnaire_app\\vendor\\laravel\\framework\\src\\Illuminate\\Session\\Middleware\\StartSession.php(56): Illuminate\\Pipeline\\Pipeline->Illuminate\\Pipeline\\{closure}(Object(Illuminate\\Http\\Request))
#32 C:\\Users\\allen\\Documents\\SCHOOL\\ICS\\Third Year\\questionnaire_app\\vendor\\laravel\\framework\\src\\Illuminate\\Pipeline\\Pipeline.php(171): Illuminate\\Session\\Middleware\\StartSession->handle(Object(Illuminate\\Http\\Request), Object(Closure))
#33 C:\\Users\\allen\\Documents\\SCHOOL\\ICS\\Third Year\\questionnaire_app\\vendor\\laravel\\framework\\src\\Illuminate\\Cookie\\Middleware\\AddQueuedCookiesToResponse.php(37): Illuminate\\Pipeline\\Pipeline->Illuminate\\Pipeline\\{closure}(Object(Illuminate\\Http\\Request))
#34 C:\\Users\\allen\\Documents\\SCHOOL\\ICS\\Third Year\\questionnaire_app\\vendor\\laravel\\framework\\src\\Illuminate\\Pipeline\\Pipeline.php(171): Illuminate\\Cookie\\Middleware\\AddQueuedCookiesToResponse->handle(Object(Illuminate\\Http\\Request), Object(Closure))
#35 C:\\Users\\allen\\Documents\\SCHOOL\\ICS\\Third Year\\questionnaire_app\\vendor\\laravel\\framework\\src\\Illuminate\\Cookie\\Middleware\\EncryptCookies.php(66): Illuminate\\Pipeline\\Pipeline->Illuminate\\Pipeline\\{closure}(Object(Illuminate\\Http\\Request))
#36 C:\\Users\\allen\\Documents\\SCHOOL\\ICS\\Third Year\\questionnaire_app\\vendor\\laravel\\framework\\src\\Illuminate\\Pipeline\\Pipeline.php(171): Illuminate\\Cookie\\Middleware\\EncryptCookies->handle(Object(Illuminate\\Http\\Request), Object(Closure))
#37 C:\\Users\\allen\\Documents\\SCHOOL\\ICS\\Third Year\\questionnaire_app\\vendor\\laravel\\framework\\src\\Illuminate\\Pipeline\\Pipeline.php(105): Illuminate\\Pipeline\\Pipeline->Illuminate\\Pipeline\\{closure}(Object(Illuminate\\Http\\Request))
#38 C:\\Users\\allen\\Documents\\SCHOOL\\ICS\\Third Year\\questionnaire_app\\vendor\\laravel\\framework\\src\\Illuminate\\Routing\\Router.php(683): Illuminate\\Pipeline\\Pipeline->then(Object(Closure))
#39 C:\\Users\\allen\\Documents\\SCHOOL\\ICS\\Third Year\\questionnaire_app\\vendor\\laravel\\framework\\src\\Illuminate\\Routing\\Router.php(658): Illuminate\\Routing\\Router->runRouteWithinStack(Object(Illuminate\\Routing\\Route), Object(Illuminate\\Http\\Request))
#40 C:\\Users\\allen\\Documents\\SCHOOL\\ICS\\Third Year\\questionnaire_app\\vendor\\laravel\\framework\\src\\Illuminate\\Routing\\Router.php(624): Illuminate\\Routing\\Router->runRoute(Object(Illuminate\\Http\\Request), Object(Illuminate\\Routing\\Route))
#41 C:\\Users\\allen\\Documents\\SCHOOL\\ICS\\Third Year\\questionnaire_app\\vendor\\laravel\\framework\\src\\Illuminate\\Routing\\Router.php(613): Illuminate\\Routing\\Router->dispatchToRoute(Object(Illuminate\\Http\\Request))
#42 C:\\Users\\allen\\Documents\\SCHOOL\\ICS\\Third Year\\questionnaire_app\\vendor\\laravel\\framework\\src\\Illuminate\\Foundation\\Http\\Kernel.php(170): Illuminate\\Routing\\Router->dispatch(Object(Illuminate\\Http\\Request))
#43 C:\\Users\\allen\\Documents\\SCHOOL\\ICS\\Third Year\\questionnaire_app\\vendor\\laravel\\framework\\src\\Illuminate\\Pipeline\\Pipeline.php(130): Illuminate\\Foundation\\Http\\Kernel->Illuminate\\Foundation\\Http\\{closure}(Object(Illuminate\\Http\\Request))
#44 C:\\Users\\allen\\Documents\\SCHOOL\\ICS\\Third Year\\questionnaire_app\\vendor\\laravel\\framework\\src\\Illuminate\\Foundation\\Http\\Middleware\\TransformsRequest.php(21): Illuminate\\Pipeline\\Pipeline->Illuminate\\Pipeline\\{closure}(Object(Illuminate\\Http\\Request))
#45 C:\\Users\\allen\\Documents\\SCHOOL\\ICS\\Third Year\\questionnaire_app\\vendor\\laravel\\framework\\src\\Illuminate\\Pipeline\\Pipeline.php(171): Illuminate\\Foundation\\Http\\Middleware\\TransformsRequest->handle(Object(Illuminate\\Http\\Request), Object(Closure))
#46 C:\\Users\\allen\\Documents\\SCHOOL\\ICS\\Third Year\\questionnaire_app\\vendor\\laravel\\framework\\src\\Illuminate\\Foundation\\Http\\Middleware\\TransformsRequest.php(21): Illuminate\\Pipeline\\Pipeline->Illuminate\\Pipeline\\{closure}(Object(Illuminate\\Http\\Request))
#47 C:\\Users\\allen\\Documents\\SCHOOL\\ICS\\Third Year\\questionnaire_app\\vendor\\laravel\\framework\\src\\Illuminate\\Pipeline\\Pipeline.php(171): Illuminate\\Foundation\\Http\\Middleware\\TransformsRequest->handle(Object(Illuminate\\Http\\Request), Object(Closure))
#48 C:\\Users\\allen\\Documents\\SCHOOL\\ICS\\Third Year\\questionnaire_app\\vendor\\laravel\\framework\\src\\Illuminate\\Foundation\\Http\\Middleware\\ValidatePostSize.php(27): Illuminate\\Pipeline\\Pipeline->Illuminate\\Pipeline\\{closure}(Object(Illuminate\\Http\\Request))
#49 C:\\Users\\allen\\Documents\\SCHOOL\\ICS\\Third Year\\questionnaire_app\\vendor\\laravel\\framework\\src\\Illuminate\\Pipeline\\Pipeline.php(171): Illuminate\\Foundation\\Http\\Middleware\\ValidatePostSize->handle(Object(Illuminate\\Http\\Request), Object(Closure))
#50 C:\\Users\\allen\\Documents\\SCHOOL\\ICS\\Third Year\\questionnaire_app\\vendor\\laravel\\framework\\src\\Illuminate\\Foundation\\Http\\Middleware\\CheckForMaintenanceMode.php(63): Illuminate\\Pipeline\\Pipeline->Illuminate\\Pipeline\\{closure}(Object(Illuminate\\Http\\Request))
#51 C:\\Users\\allen\\Documents\\SCHOOL\\ICS\\Third Year\\questionnaire_app\\vendor\\laravel\\framework\\src\\Illuminate\\Pipeline\\Pipeline.php(171): Illuminate\\Foundation\\Http\\Middleware\\CheckForMaintenanceMode->handle(Object(Illuminate\\Http\\Request), Object(Closure))
#52 C:\\Users\\allen\\Documents\\SCHOOL\\ICS\\Third Year\\questionnaire_app\\vendor\\fideloper\\proxy\\src\\TrustProxies.php(57): Illuminate\\Pipeline\\Pipeline->Illuminate\\Pipeline\\{closure}(Object(Illuminate\\Http\\Request))
#53 C:\\Users\\allen\\Documents\\SCHOOL\\ICS\\Third Year\\questionnaire_app\\vendor\\laravel\\framework\\src\\Illuminate\\Pipeline\\Pipeline.php(171): Fideloper\\Proxy\\TrustProxies->handle(Object(Illuminate\\Http\\Request), Object(Closure))
#54 C:\\Users\\allen\\Documents\\SCHOOL\\ICS\\Third Year\\questionnaire_app\\vendor\\laravel\\framework\\src\\Illuminate\\Pipeline\\Pipeline.php(105): Illuminate\\Pipeline\\Pipeline->Illuminate\\Pipeline\\{closure}(Object(Illuminate\\Http\\Request))
#55 C:\\Users\\allen\\Documents\\SCHOOL\\ICS\\Third Year\\questionnaire_app\\vendor\\laravel\\framework\\src\\Illuminate\\Foundation\\Http\\Kernel.php(145): Illuminate\\Pipeline\\Pipeline->then(Object(Closure))
#56 C:\\Users\\allen\\Documents\\SCHOOL\\ICS\\Third Year\\questionnaire_app\\vendor\\laravel\\framework\\src\\Illuminate\\Foundation\\Http\\Kernel.php(110): Illuminate\\Foundation\\Http\\Kernel->sendRequestThroughRouter(Object(Illuminate\\Http\\Request))
#57 C:\\Users\\allen\\Documents\\SCHOOL\\ICS\\Third Year\\questionnaire_app\\public\\index.php(55): Illuminate\\Foundation\\Http\\Kernel->handle(Object(Illuminate\\Http\\Request))
#58 C:\\Users\\allen\\Documents\\SCHOOL\\ICS\\Third Year\\questionnaire_app\\server.php(21): require_once('C:\\\\Users\\\\allen\\\\...')
#59 {main}

[previous exception] [object] (Illuminate\\Database\\QueryException(code: 2002): SQLSTATE[HY000] [2002] No connection could be made because the target machine actively refused it.
 (SQL: select * from `users` where `id` = 1 limit 1) at C:\\Users\\allen\\Documents\\SCHOOL\\ICS\\Third Year\\questionnaire_app\\vendor\\laravel\\framework\\src\\Illuminate\\Database\\Connection.php:669)
[stacktrace]
#0 C:\\Users\\allen\\Documents\\SCHOOL\\ICS\\Third Year\\questionnaire_app\\vendor\\laravel\\framework\\src\\Illuminate\\Database\\Connection.php(629): Illuminate\\Database\\Connection->runQueryCallback('select * from `...', Array, Object(Closure))
#1 C:\\Users\\allen\\Documents\\SCHOOL\\ICS\\Third Year\\questionnaire_app\\vendor\\laravel\\framework\\src\\Illuminate\\Database\\Connection.php(338): Illuminate\\Database\\Connection->run('select * from `...', Array, Object(Closure))
#2 C:\\Users\\allen\\Documents\\SCHOOL\\ICS\\Third Year\\questionnaire_app\\vendor\\laravel\\framework\\src\\Illuminate\\Database\\Query\\Builder.php(2149): Illuminate\\Database\\Connection->select('select * from `...', Array, true)
#3 C:\\Users\\allen\\Documents\\SCHOOL\\ICS\\Third Year\\questionnaire_app\\vendor\\laravel\\framework\\src\\Illuminate\\Database\\Query\\Builder.php(2137): Illuminate\\Database\\Query\\Builder->runSelect()
#4 C:\\Users\\allen\\Documents\\SCHOOL\\ICS\\Third Year\\questionnaire_app\\vendor\\laravel\\framework\\src\\Illuminate\\Database\\Query\\Builder.php(2609): Illuminate\\Database\\Query\\Builder->Illuminate\\Database\\Query\\{closure}()
#5 C:\\Users\\allen\\Documents\\SCHOOL\\ICS\\Third Year\\questionnaire_app\\vendor\\laravel\\framework\\src\\Illuminate\\Database\\Query\\Builder.php(2138): Illuminate\\Database\\Query\\Builder->onceWithColumns(Array, Object(Closure))
#6 C:\\Users\\allen\\Documents\\SCHOOL\\ICS\\Third Year\\questionnaire_app\\vendor\\laravel\\framework\\src\\Illuminate\\Database\\Eloquent\\Builder.php(537): Illuminate\\Database\\Query\\Builder->get(Array)
#7 C:\\Users\\allen\\Documents\\SCHOOL\\ICS\\Third Year\\questionnaire_app\\vendor\\laravel\\framework\\src\\Illuminate\\Database\\Eloquent\\Builder.php(521): Illuminate\\Database\\Eloquent\\Builder->getModels(Array)
#8 C:\\Users\\allen\\Documents\\SCHOOL\\ICS\\Third Year\\questionnaire_app\\vendor\\laravel\\framework\\src\\Illuminate\\Database\\Concerns\\BuildsQueries.php(143): Illuminate\\Database\\Eloquent\\Builder->get(Array)
#9 C:\\Users\\allen\\Documents\\SCHOOL\\ICS\\Third Year\\questionnaire_app\\vendor\\laravel\\framework\\src\\Illuminate\\Auth\\EloquentUserProvider.php(52): Illuminate\\Database\\Eloquent\\Builder->first()
#10 C:\\Users\\allen\\Documents\\SCHOOL\\ICS\\Third Year\\questionnaire_app\\vendor\\laravel\\framework\\src\\Illuminate\\Auth\\SessionGuard.php(139): Illuminate\\Auth\\EloquentUserProvider->retrieveById(1)
#11 C:\\Users\\allen\\Documents\\SCHOOL\\ICS\\Third Year\\questionnaire_app\\vendor\\laravel\\framework\\src\\Illuminate\\Auth\\GuardHelpers.php(60): Illuminate\\Auth\\SessionGuard->user()
#12 C:\\Users\\allen\\Documents\\SCHOOL\\ICS\\Third Year\\questionnaire_app\\storage\\framework\\views\\bc1a3c6de6768cfad56e02e4f43d5228fc157faa.php(70): Illuminate\\Auth\\SessionGuard->check()
#13 C:\\Users\\allen\\Documents\\SCHOOL\\ICS\\Third Year\\questionnaire_app\\vendor\\laravel\\framework\\src\\Illuminate\\View\\Engines\\PhpEngine.php(43): include('C:\\\\Users\\\\allen\\\\...')
#14 C:\\Users\\allen\\Documents\\SCHOOL\\ICS\\Third Year\\questionnaire_app\\vendor\\laravel\\framework\\src\\Illuminate\\View\\Engines\\CompilerEngine.php(59): Illuminate\\View\\Engines\\PhpEngine->evaluatePath('C:\\\\Users\\\\allen\\\\...', Array)
#15 C:\\Users\\allen\\Documents\\SCHOOL\\ICS\\Third Year\\questionnaire_app\\vendor\\facade\\ignition\\src\\Views\\Engines\\CompilerEngine.php(36): Illuminate\\View\\Engines\\CompilerEngine->get('C:\\\\Users\\\\allen\\\\...', Array)
#16 C:\\Users\\allen\\Documents\\SCHOOL\\ICS\\Third Year\\questionnaire_app\\vendor\\laravel\\framework\\src\\Illuminate\\View\\View.php(143): Facade\\Ignition\\Views\\Engines\\CompilerEngine->get('C:\\\\Users\\\\allen\\\\...', Array)
#17 C:\\Users\\allen\\Documents\\SCHOOL\\ICS\\Third Year\\questionnaire_app\\vendor\\laravel\\framework\\src\\Illuminate\\View\\View.php(126): Illuminate\\View\\View->getContents()
#18 C:\\Users\\allen\\Documents\\SCHOOL\\ICS\\Third Year\\questionnaire_app\\vendor\\laravel\\framework\\src\\Illuminate\\View\\View.php(91): Illuminate\\View\\View->renderContents()
#19 C:\\Users\\allen\\Documents\\SCHOOL\\ICS\\Third Year\\questionnaire_app\\vendor\\laravel\\framework\\src\\Illuminate\\Http\\Response.php(42): Illuminate\\View\\View->render()
#20 C:\\Users\\allen\\Documents\\SCHOOL\\ICS\\Third Year\\questionnaire_app\\vendor\\symfony\\http-foundation\\Response.php(202): Illuminate\\Http\\Response->setContent(Object(Illuminate\\View\\View))
#21 C:\\Users\\allen\\Documents\\SCHOOL\\ICS\\Third Year\\questionnaire_app\\vendor\\laravel\\framework\\src\\Illuminate\\Routing\\Router.php(749): Symfony\\Component\\HttpFoundation\\Response->__construct(Object(Illuminate\\View\\View), 200, Array)
#22 C:\\Users\\allen\\Documents\\SCHOOL\\ICS\\Third Year\\questionnaire_app\\vendor\\laravel\\framework\\src\\Illuminate\\Routing\\Router.php(721): Illuminate\\Routing\\Router::toResponse(Object(Illuminate\\Http\\Request), Object(Illuminate\\View\\View))
#23 C:\\Users\\allen\\Documents\\SCHOOL\\ICS\\Third Year\\questionnaire_app\\vendor\\laravel\\framework\\src\\Illuminate\\Routing\\Router.php(681): Illuminate\\Routing\\Router->prepareResponse(Object(Illuminate\\Http\\Request), Object(Illuminate\\View\\View))
#24 C:\\Users\\allen\\Documents\\SCHOOL\\ICS\\Third Year\\questionnaire_app\\vendor\\laravel\\framework\\src\\Illuminate\\Pipeline\\Pipeline.php(130): Illuminate\\Routing\\Router->Illuminate\\Routing\\{closure}(Object(Illuminate\\Http\\Request))
#25 C:\\Users\\allen\\Documents\\SCHOOL\\ICS\\Third Year\\questionnaire_app\\vendor\\laravel\\framework\\src\\Illuminate\\Routing\\Middleware\\SubstituteBindings.php(41): Illuminate\\Pipeline\\Pipeline->Illuminate\\Pipeline\\{closure}(Object(Illuminate\\Http\\Request))
#26 C:\\Users\\allen\\Documents\\SCHOOL\\ICS\\Third Year\\questionnaire_app\\vendor\\laravel\\framework\\src\\Illuminate\\Pipeline\\Pipeline.php(171): Illuminate\\Routing\\Middleware\\SubstituteBindings->handle(Object(Illuminate\\Http\\Request), Object(Closure))
#27 C:\\Users\\allen\\Documents\\SCHOOL\\ICS\\Third Year\\questionnaire_app\\vendor\\laravel\\framework\\src\\Illuminate\\Foundation\\Http\\Middleware\\VerifyCsrfToken.php(76): Illuminate\\Pipeline\\Pipeline->Illuminate\\Pipeline\\{closure}(Object(Illuminate\\Http\\Request))
#28 C:\\Users\\allen\\Documents\\SCHOOL\\ICS\\Third Year\\questionnaire_app\\vendor\\laravel\\framework\\src\\Illuminate\\Pipeline\\Pipeline.php(171): Illuminate\\Foundation\\Http\\Middleware\\VerifyCsrfToken->handle(Object(Illuminate\\Http\\Request), Object(Closure))
#29 C:\\Users\\allen\\Documents\\SCHOOL\\ICS\\Third Year\\questionnaire_app\\vendor\\laravel\\framework\\src\\Illuminate\\View\\Middleware\\ShareErrorsFromSession.php(49): Illuminate\\Pipeline\\Pipeline->Illuminate\\Pipeline\\{closure}(Object(Illuminate\\Http\\Request))
#30 C:\\Users\\allen\\Documents\\SCHOOL\\ICS\\Third Year\\questionnaire_app\\vendor\\laravel\\framework\\src\\Illuminate\\Pipeline\\Pipeline.php(171): Illuminate\\View\\Middleware\\ShareErrorsFromSession->handle(Object(Illuminate\\Http\\Request), Object(Closure))
#31 C:\\Users\\allen\\Documents\\SCHOOL\\ICS\\Third Year\\questionnaire_app\\vendor\\laravel\\framework\\src\\Illuminate\\Session\\Middleware\\StartSession.php(56): Illuminate\\Pipeline\\Pipeline->Illuminate\\Pipeline\\{closure}(Object(Illuminate\\Http\\Request))
#32 C:\\Users\\allen\\Documents\\SCHOOL\\ICS\\Third Year\\questionnaire_app\\vendor\\laravel\\framework\\src\\Illuminate\\Pipeline\\Pipeline.php(171): Illuminate\\Session\\Middleware\\StartSession->handle(Object(Illuminate\\Http\\Request), Object(Closure))
#33 C:\\Users\\allen\\Documents\\SCHOOL\\ICS\\Third Year\\questionnaire_app\\vendor\\laravel\\framework\\src\\Illuminate\\Cookie\\Middleware\\AddQueuedCookiesToResponse.php(37): Illuminate\\Pipeline\\Pipeline->Illuminate\\Pipeline\\{closure}(Object(Illuminate\\Http\\Request))
#34 C:\\Users\\allen\\Documents\\SCHOOL\\ICS\\Third Year\\questionnaire_app\\vendor\\laravel\\framework\\src\\Illuminate\\Pipeline\\Pipeline.php(171): Illuminate\\Cookie\\Middleware\\AddQueuedCookiesToResponse->handle(Object(Illuminate\\Http\\Request), Object(Closure))
#35 C:\\Users\\allen\\Documents\\SCHOOL\\ICS\\Third Year\\questionnaire_app\\vendor\\laravel\\framework\\src\\Illuminate\\Cookie\\Middleware\\EncryptCookies.php(66): Illuminate\\Pipeline\\Pipeline->Illuminate\\Pipeline\\{closure}(Object(Illuminate\\Http\\Request))
#36 C:\\Users\\allen\\Documents\\SCHOOL\\ICS\\Third Year\\questionnaire_app\\vendor\\laravel\\framework\\src\\Illuminate\\Pipeline\\Pipeline.php(171): Illuminate\\Cookie\\Middleware\\EncryptCookies->handle(Object(Illuminate\\Http\\Request), Object(Closure))
#37 C:\\Users\\allen\\Documents\\SCHOOL\\ICS\\Third Year\\questionnaire_app\\vendor\\laravel\\framework\\src\\Illuminate\\Pipeline\\Pipeline.php(105): Illuminate\\Pipeline\\Pipeline->Illuminate\\Pipeline\\{closure}(Object(Illuminate\\Http\\Request))
#38 C:\\Users\\allen\\Documents\\SCHOOL\\ICS\\Third Year\\questionnaire_app\\vendor\\laravel\\framework\\src\\Illuminate\\Routing\\Router.php(683): Illuminate\\Pipeline\\Pipeline->then(Object(Closure))
#39 C:\\Users\\allen\\Documents\\SCHOOL\\ICS\\Third Year\\questionnaire_app\\vendor\\laravel\\framework\\src\\Illuminate\\Routing\\Router.php(658): Illuminate\\Routing\\Router->runRouteWithinStack(Object(Illuminate\\Routing\\Route), Object(Illuminate\\Http\\Request))
#40 C:\\Users\\allen\\Documents\\SCHOOL\\ICS\\Third Year\\questionnaire_app\\vendor\\laravel\\framework\\src\\Illuminate\\Routing\\Router.php(624): Illuminate\\Routing\\Router->runRoute(Object(Illuminate\\Http\\Request), Object(Illuminate\\Routing\\Route))
#41 C:\\Users\\allen\\Documents\\SCHOOL\\ICS\\Third Year\\questionnaire_app\\vendor\\laravel\\framework\\src\\Illuminate\\Routing\\Router.php(613): Illuminate\\Routing\\Router->dispatchToRoute(Object(Illuminate\\Http\\Request))
#42 C:\\Users\\allen\\Documents\\SCHOOL\\ICS\\Third Year\\questionnaire_app\\vendor\\laravel\\framework\\src\\Illuminate\\Foundation\\Http\\Kernel.php(170): Illuminate\\Routing\\Router->dispatch(Object(Illuminate\\Http\\Request))
#43 C:\\Users\\allen\\Documents\\SCHOOL\\ICS\\Third Year\\questionnaire_app\\vendor\\laravel\\framework\\src\\Illuminate\\Pipeline\\Pipeline.php(130): Illuminate\\Foundation\\Http\\Kernel->Illuminate\\Foundation\\Http\\{closure}(Object(Illuminate\\Http\\Request))
#44 C:\\Users\\allen\\Documents\\SCHOOL\\ICS\\Third Year\\questionnaire_app\\vendor\\laravel\\framework\\src\\Illuminate\\Foundation\\Http\\Middleware\\TransformsRequest.php(21): Illuminate\\Pipeline\\Pipeline->Illuminate\\Pipeline\\{closure}(Object(Illuminate\\Http\\Request))
#45 C:\\Users\\allen\\Documents\\SCHOOL\\ICS\\Third Year\\questionnaire_app\\vendor\\laravel\\framework\\src\\Illuminate\\Pipeline\\Pipeline.php(171): Illuminate\\Foundation\\Http\\Middleware\\TransformsRequest->handle(Object(Illuminate\\Http\\Request), Object(Closure))
#46 C:\\Users\\allen\\Documents\\SCHOOL\\ICS\\Third Year\\questionnaire_app\\vendor\\laravel\\framework\\src\\Illuminate\\Foundation\\Http\\Middleware\\TransformsRequest.php(21): Illuminate\\Pipeline\\Pipeline->Illuminate\\Pipeline\\{closure}(Object(Illuminate\\Http\\Request))
#47 C:\\Users\\allen\\Documents\\SCHOOL\\ICS\\Third Year\\questionnaire_app\\vendor\\laravel\\framework\\src\\Illuminate\\Pipeline\\Pipeline.php(171): Illuminate\\Foundation\\Http\\Middleware\\TransformsRequest->handle(Object(Illuminate\\Http\\Request), Object(Closure))
#48 C:\\Users\\allen\\Documents\\SCHOOL\\ICS\\Third Year\\questionnaire_app\\vendor\\laravel\\framework\\src\\Illuminate\\Foundation\\Http\\Middleware\\ValidatePostSize.php(27): Illuminate\\Pipeline\\Pipeline->Illuminate\\Pipeline\\{closure}(Object(Illuminate\\Http\\Request))
#49 C:\\Users\\allen\\Documents\\SCHOOL\\ICS\\Third Year\\questionnaire_app\\vendor\\laravel\\framework\\src\\Illuminate\\Pipeline\\Pipeline.php(171): Illuminate\\Foundation\\Http\\Middleware\\ValidatePostSize->handle(Object(Illuminate\\Http\\Request), Object(Closure))
#50 C:\\Users\\allen\\Documents\\SCHOOL\\ICS\\Third Year\\questionnaire_app\\vendor\\laravel\\framework\\src\\Illuminate\\Foundation\\Http\\Middleware\\CheckForMaintenanceMode.php(63): Illuminate\\Pipeline\\Pipeline->Illuminate\\Pipeline\\{closure}(Object(Illuminate\\Http\\Request))
#51 C:\\Users\\allen\\Documents\\SCHOOL\\ICS\\Third Year\\questionnaire_app\\vendor\\laravel\\framework\\src\\Illuminate\\Pipeline\\Pipeline.php(171): Illuminate\\Foundation\\Http\\Middleware\\CheckForMaintenanceMode->handle(Object(Illuminate\\Http\\Request), Object(Closure))
#52 C:\\Users\\allen\\Documents\\SCHOOL\\ICS\\Third Year\\questionnaire_app\\vendor\\fideloper\\proxy\\src\\TrustProxies.php(57): Illuminate\\Pipeline\\Pipeline->Illuminate\\Pipeline\\{closure}(Object(Illuminate\\Http\\Request))
#53 C:\\Users\\allen\\Documents\\SCHOOL\\ICS\\Third Year\\questionnaire_app\\vendor\\laravel\\framework\\src\\Illuminate\\Pipeline\\Pipeline.php(171): Fideloper\\Proxy\\TrustProxies->handle(Object(Illuminate\\Http\\Request), Object(Closure))
#54 C:\\Users\\allen\\Documents\\SCHOOL\\ICS\\Third Year\\questionnaire_app\\vendor\\laravel\\framework\\src\\Illuminate\\Pipeline\\Pipeline.php(105): Illuminate\\Pipeline\\Pipeline->Illuminate\\Pipeline\\{closure}(Object(Illuminate\\Http\\Request))
#55 C:\\Users\\allen\\Documents\\SCHOOL\\ICS\\Third Year\\questionnaire_app\\vendor\\laravel\\framework\\src\\Illuminate\\Foundation\\Http\\Kernel.php(145): Illuminate\\Pipeline\\Pipeline->then(Object(Closure))
#56 C:\\Users\\allen\\Documents\\SCHOOL\\ICS\\Third Year\\questionnaire_app\\vendor\\laravel\\framework\\src\\Illuminate\\Foundation\\Http\\Kernel.php(110): Illuminate\\Foundation\\Http\\Kernel->sendRequestThroughRouter(Object(Illuminate\\Http\\Request))
#57 C:\\Users\\allen\\Documents\\SCHOOL\\ICS\\Third Year\\questionnaire_app\\public\\index.php(55): Illuminate\\Foundation\\Http\\Kernel->handle(Object(Illuminate\\Http\\Request))
#58 C:\\Users\\allen\\Documents\\SCHOOL\\ICS\\Third Year\\questionnaire_app\\server.php(21): require_once('C:\\\\Users\\\\allen\\\\...')
#59 {main}

[previous exception] [object] (PDOException(code: 2002): SQLSTATE[HY000] [2002] No connection could be made because the target machine actively refused it.
 at C:\\Users\\allen\\Documents\\SCHOOL\\ICS\\Third Year\\questionnaire_app\\vendor\\laravel\\framework\\src\\Illuminate\\Database\\Connectors\\Connector.php:70)
[stacktrace]
#0 C:\\Users\\allen\\Documents\\SCHOOL\\ICS\\Third Year\\questionnaire_app\\vendor\\laravel\\framework\\src\\Illuminate\\Database\\Connectors\\Connector.php(70): PDO->__construct('mysql:host=127....', 'root', '', Array)
#1 C:\\Users\\allen\\Documents\\SCHOOL\\ICS\\Third Year\\questionnaire_app\\vendor\\laravel\\framework\\src\\Illuminate\\Database\\Connectors\\Connector.php(46): Illuminate\\Database\\Connectors\\Connector->createPdoConnection('mysql:host=127....', 'root', '', Array)
#2 C:\\Users\\allen\\Documents\\SCHOOL\\ICS\\Third Year\\questionnaire_app\\vendor\\laravel\\framework\\src\\Illuminate\\Database\\Connectors\\MySqlConnector.php(24): Illuminate\\Database\\Connectors\\Connector->createConnection('mysql:host=127....', Array, Array)
#3 C:\\Users\\allen\\Documents\\SCHOOL\\ICS\\Third Year\\questionnaire_app\\vendor\\laravel\\framework\\src\\Illuminate\\Database\\Connectors\\ConnectionFactory.php(182): Illuminate\\Database\\Connectors\\MySqlConnector->connect(Array)
#4 [internal function]: Illuminate\\Database\\Connectors\\ConnectionFactory->Illuminate\\Database\\Connectors\\{closure}()
#5 C:\\Users\\allen\\Documents\\SCHOOL\\ICS\\Third Year\\questionnaire_app\\vendor\\laravel\\framework\\src\\Illuminate\\Database\\Connection.php(924): call_user_func(Object(Closure))
#6 C:\\Users\\allen\\Documents\\SCHOOL\\ICS\\Third Year\\questionnaire_app\\vendor\\laravel\\framework\\src\\Illuminate\\Database\\Connection.php(959): Illuminate\\Database\\Connection->getPdo()
#7 C:\\Users\\allen\\Documents\\SCHOOL\\ICS\\Third Year\\questionnaire_app\\vendor\\laravel\\framework\\src\\Illuminate\\Database\\Connection.php(404): Illuminate\\Database\\Connection->getReadPdo()
#8 C:\\Users\\allen\\Documents\\SCHOOL\\ICS\\Third Year\\questionnaire_app\\vendor\\laravel\\framework\\src\\Illuminate\\Database\\Connection.php(330): Illuminate\\Database\\Connection->getPdoForSelect(true)
#9 C:\\Users\\allen\\Documents\\SCHOOL\\ICS\\Third Year\\questionnaire_app\\vendor\\laravel\\framework\\src\\Illuminate\\Database\\Connection.php(662): Illuminate\\Database\\Connection->Illuminate\\Database\\{closure}('select * from `...', Array)
#10 C:\\Users\\allen\\Documents\\SCHOOL\\ICS\\Third Year\\questionnaire_app\\vendor\\laravel\\framework\\src\\Illuminate\\Database\\Connection.php(629): Illuminate\\Database\\Connection->runQueryCallback('select * from `...', Array, Object(Closure))
#11 C:\\Users\\allen\\Documents\\SCHOOL\\ICS\\Third Year\\questionnaire_app\\vendor\\laravel\\framework\\src\\Illuminate\\Database\\Connection.php(338): Illuminate\\Database\\Connection->run('select * from `...', Array, Object(Closure))
#12 C:\\Users\\allen\\Documents\\SCHOOL\\ICS\\Third Year\\questionnaire_app\\vendor\\laravel\\framework\\src\\Illuminate\\Database\\Query\\Builder.php(2149): Illuminate\\Database\\Connection->select('select * from `...', Array, true)
#13 C:\\Users\\allen\\Documents\\SCHOOL\\ICS\\Third Year\\questionnaire_app\\vendor\\laravel\\framework\\src\\Illuminate\\Database\\Query\\Builder.php(2137): Illuminate\\Database\\Query\\Builder->runSelect()
#14 C:\\Users\\allen\\Documents\\SCHOOL\\ICS\\Third Year\\questionnaire_app\\vendor\\laravel\\framework\\src\\Illuminate\\Database\\Query\\Builder.php(2609): Illuminate\\Database\\Query\\Builder->Illuminate\\Database\\Query\\{closure}()
#15 C:\\Users\\allen\\Documents\\SCHOOL\\ICS\\Third Year\\questionnaire_app\\vendor\\laravel\\framework\\src\\Illuminate\\Database\\Query\\Builder.php(2138): Illuminate\\Database\\Query\\Builder->onceWithColumns(Array, Object(Closure))
#16 C:\\Users\\allen\\Documents\\SCHOOL\\ICS\\Third Year\\questionnaire_app\\vendor\\laravel\\framework\\src\\Illuminate\\Database\\Eloquent\\Builder.php(537): Illuminate\\Database\\Query\\Builder->get(Array)
#17 C:\\Users\\allen\\Documents\\SCHOOL\\ICS\\Third Year\\questionnaire_app\\vendor\\laravel\\framework\\src\\Illuminate\\Database\\Eloquent\\Builder.php(521): Illuminate\\Database\\Eloquent\\Builder->getModels(Array)
#18 C:\\Users\\allen\\Documents\\SCHOOL\\ICS\\Third Year\\questionnaire_app\\vendor\\laravel\\framework\\src\\Illuminate\\Database\\Concerns\\BuildsQueries.php(143): Illuminate\\Database\\Eloquent\\Builder->get(Array)
#19 C:\\Users\\allen\\Documents\\SCHOOL\\ICS\\Third Year\\questionnaire_app\\vendor\\laravel\\framework\\src\\Illuminate\\Auth\\EloquentUserProvider.php(52): Illuminate\\Database\\Eloquent\\Builder->first()
#20 C:\\Users\\allen\\Documents\\SCHOOL\\ICS\\Third Year\\questionnaire_app\\vendor\\laravel\\framework\\src\\Illuminate\\Auth\\SessionGuard.php(139): Illuminate\\Auth\\EloquentUserProvider->retrieveById(1)
#21 C:\\Users\\allen\\Documents\\SCHOOL\\ICS\\Third Year\\questionnaire_app\\vendor\\laravel\\framework\\src\\Illuminate\\Auth\\GuardHelpers.php(60): Illuminate\\Auth\\SessionGuard->user()
#22 C:\\Users\\allen\\Documents\\SCHOOL\\ICS\\Third Year\\questionnaire_app\\storage\\framework\\views\\bc1a3c6de6768cfad56e02e4f43d5228fc157faa.php(70): Illuminate\\Auth\\SessionGuard->check()
#23 C:\\Users\\allen\\Documents\\SCHOOL\\ICS\\Third Year\\questionnaire_app\\vendor\\laravel\\framework\\src\\Illuminate\\View\\Engines\\PhpEngine.php(43): include('C:\\\\Users\\\\allen\\\\...')
#24 C:\\Users\\allen\\Documents\\SCHOOL\\ICS\\Third Year\\questionnaire_app\\vendor\\laravel\\framework\\src\\Illuminate\\View\\Engines\\CompilerEngine.php(59): Illuminate\\View\\Engines\\PhpEngine->evaluatePath('C:\\\\Users\\\\allen\\\\...', Array)
#25 C:\\Users\\allen\\Documents\\SCHOOL\\ICS\\Third Year\\questionnaire_app\\vendor\\facade\\ignition\\src\\Views\\Engines\\CompilerEngine.php(36): Illuminate\\View\\Engines\\CompilerEngine->get('C:\\\\Users\\\\allen\\\\...', Array)
#26 C:\\Users\\allen\\Documents\\SCHOOL\\ICS\\Third Year\\questionnaire_app\\vendor\\laravel\\framework\\src\\Illuminate\\View\\View.php(143): Facade\\Ignition\\Views\\Engines\\CompilerEngine->get('C:\\\\Users\\\\allen\\\\...', Array)
#27 C:\\Users\\allen\\Documents\\SCHOOL\\ICS\\Third Year\\questionnaire_app\\vendor\\laravel\\framework\\src\\Illuminate\\View\\View.php(126): Illuminate\\View\\View->getContents()
#28 C:\\Users\\allen\\Documents\\SCHOOL\\ICS\\Third Year\\questionnaire_app\\vendor\\laravel\\framework\\src\\Illuminate\\View\\View.php(91): Illuminate\\View\\View->renderContents()
#29 C:\\Users\\allen\\Documents\\SCHOOL\\ICS\\Third Year\\questionnaire_app\\vendor\\laravel\\framework\\src\\Illuminate\\Http\\Response.php(42): Illuminate\\View\\View->render()
#30 C:\\Users\\allen\\Documents\\SCHOOL\\ICS\\Third Year\\questionnaire_app\\vendor\\symfony\\http-foundation\\Response.php(202): Illuminate\\Http\\Response->setContent(Object(Illuminate\\View\\View))
#31 C:\\Users\\allen\\Documents\\SCHOOL\\ICS\\Third Year\\questionnaire_app\\vendor\\laravel\\framework\\src\\Illuminate\\Routing\\Router.php(749): Symfony\\Component\\HttpFoundation\\Response->__construct(Object(Illuminate\\View\\View), 200, Array)
#32 C:\\Users\\allen\\Documents\\SCHOOL\\ICS\\Third Year\\questionnaire_app\\vendor\\laravel\\framework\\src\\Illuminate\\Routing\\Router.php(721): Illuminate\\Routing\\Router::toResponse(Object(Illuminate\\Http\\Request), Object(Illuminate\\View\\View))
#33 C:\\Users\\allen\\Documents\\SCHOOL\\ICS\\Third Year\\questionnaire_app\\vendor\\laravel\\framework\\src\\Illuminate\\Routing\\Router.php(681): Illuminate\\Routing\\Router->prepareResponse(Object(Illuminate\\Http\\Request), Object(Illuminate\\View\\View))
#34 C:\\Users\\allen\\Documents\\SCHOOL\\ICS\\Third Year\\questionnaire_app\\vendor\\laravel\\framework\\src\\Illuminate\\Pipeline\\Pipeline.php(130): Illuminate\\Routing\\Router->Illuminate\\Routing\\{closure}(Object(Illuminate\\Http\\Request))
#35 C:\\Users\\allen\\Documents\\SCHOOL\\ICS\\Third Year\\questionnaire_app\\vendor\\laravel\\framework\\src\\Illuminate\\Routing\\Middleware\\SubstituteBindings.php(41): Illuminate\\Pipeline\\Pipeline->Illuminate\\Pipeline\\{closure}(Object(Illuminate\\Http\\Request))
#36 C:\\Users\\allen\\Documents\\SCHOOL\\ICS\\Third Year\\questionnaire_app\\vendor\\laravel\\framework\\src\\Illuminate\\Pipeline\\Pipeline.php(171): Illuminate\\Routing\\Middleware\\SubstituteBindings->handle(Object(Illuminate\\Http\\Request), Object(Closure))
#37 C:\\Users\\allen\\Documents\\SCHOOL\\ICS\\Third Year\\questionnaire_app\\vendor\\laravel\\framework\\src\\Illuminate\\Foundation\\Http\\Middleware\\VerifyCsrfToken.php(76): Illuminate\\Pipeline\\Pipeline->Illuminate\\Pipeline\\{closure}(Object(Illuminate\\Http\\Request))
#38 C:\\Users\\allen\\Documents\\SCHOOL\\ICS\\Third Year\\questionnaire_app\\vendor\\laravel\\framework\\src\\Illuminate\\Pipeline\\Pipeline.php(171): Illuminate\\Foundation\\Http\\Middleware\\VerifyCsrfToken->handle(Object(Illuminate\\Http\\Request), Object(Closure))
#39 C:\\Users\\allen\\Documents\\SCHOOL\\ICS\\Third Year\\questionnaire_app\\vendor\\laravel\\framework\\src\\Illuminate\\View\\Middleware\\ShareErrorsFromSession.php(49): Illuminate\\Pipeline\\Pipeline->Illuminate\\Pipeline\\{closure}(Object(Illuminate\\Http\\Request))
#40 C:\\Users\\allen\\Documents\\SCHOOL\\ICS\\Third Year\\questionnaire_app\\vendor\\laravel\\framework\\src\\Illuminate\\Pipeline\\Pipeline.php(171): Illuminate\\View\\Middleware\\ShareErrorsFromSession->handle(Object(Illuminate\\Http\\Request), Object(Closure))
#41 C:\\Users\\allen\\Documents\\SCHOOL\\ICS\\Third Year\\questionnaire_app\\vendor\\laravel\\framework\\src\\Illuminate\\Session\\Middleware\\StartSession.php(56): Illuminate\\Pipeline\\Pipeline->Illuminate\\Pipeline\\{closure}(Object(Illuminate\\Http\\Request))
#42 C:\\Users\\allen\\Documents\\SCHOOL\\ICS\\Third Year\\questionnaire_app\\vendor\\laravel\\framework\\src\\Illuminate\\Pipeline\\Pipeline.php(171): Illuminate\\Session\\Middleware\\StartSession->handle(Object(Illuminate\\Http\\Request), Object(Closure))
#43 C:\\Users\\allen\\Documents\\SCHOOL\\ICS\\Third Year\\questionnaire_app\\vendor\\laravel\\framework\\src\\Illuminate\\Cookie\\Middleware\\AddQueuedCookiesToResponse.php(37): Illuminate\\Pipeline\\Pipeline->Illuminate\\Pipeline\\{closure}(Object(Illuminate\\Http\\Request))
#44 C:\\Users\\allen\\Documents\\SCHOOL\\ICS\\Third Year\\questionnaire_app\\vendor\\laravel\\framework\\src\\Illuminate\\Pipeline\\Pipeline.php(171): Illuminate\\Cookie\\Middleware\\AddQueuedCookiesToResponse->handle(Object(Illuminate\\Http\\Request), Object(Closure))
#45 C:\\Users\\allen\\Documents\\SCHOOL\\ICS\\Third Year\\questionnaire_app\\vendor\\laravel\\framework\\src\\Illuminate\\Cookie\\Middleware\\EncryptCookies.php(66): Illuminate\\Pipeline\\Pipeline->Illuminate\\Pipeline\\{closure}(Object(Illuminate\\Http\\Request))
#46 C:\\Users\\allen\\Documents\\SCHOOL\\ICS\\Third Year\\questionnaire_app\\vendor\\laravel\\framework\\src\\Illuminate\\Pipeline\\Pipeline.php(171): Illuminate\\Cookie\\Middleware\\EncryptCookies->handle(Object(Illuminate\\Http\\Request), Object(Closure))
#47 C:\\Users\\allen\\Documents\\SCHOOL\\ICS\\Third Year\\questionnaire_app\\vendor\\laravel\\framework\\src\\Illuminate\\Pipeline\\Pipeline.php(105): Illuminate\\Pipeline\\Pipeline->Illuminate\\Pipeline\\{closure}(Object(Illuminate\\Http\\Request))
#48 C:\\Users\\allen\\Documents\\SCHOOL\\ICS\\Third Year\\questionnaire_app\\vendor\\laravel\\framework\\src\\Illuminate\\Routing\\Router.php(683): Illuminate\\Pipeline\\Pipeline->then(Object(Closure))
#49 C:\\Users\\allen\\Documents\\SCHOOL\\ICS\\Third Year\\questionnaire_app\\vendor\\laravel\\framework\\src\\Illuminate\\Routing\\Router.php(658): Illuminate\\Routing\\Router->runRouteWithinStack(Object(Illuminate\\Routing\\Route), Object(Illuminate\\Http\\Request))
#50 C:\\Users\\allen\\Documents\\SCHOOL\\ICS\\Third Year\\questionnaire_app\\vendor\\laravel\\framework\\src\\Illuminate\\Routing\\Router.php(624): Illuminate\\Routing\\Router->runRoute(Object(Illuminate\\Http\\Request), Object(Illuminate\\Routing\\Route))
#51 C:\\Users\\allen\\Documents\\SCHOOL\\ICS\\Third Year\\questionnaire_app\\vendor\\laravel\\framework\\src\\Illuminate\\Routing\\Router.php(613): Illuminate\\Routing\\Router->dispatchToRoute(Object(Illuminate\\Http\\Request))
#52 C:\\Users\\allen\\Documents\\SCHOOL\\ICS\\Third Year\\questionnaire_app\\vendor\\laravel\\framework\\src\\Illuminate\\Foundation\\Http\\Kernel.php(170): Illuminate\\Routing\\Router->dispatch(Object(Illuminate\\Http\\Request))
#53 C:\\Users\\allen\\Documents\\SCHOOL\\ICS\\Third Year\\questionnaire_app\\vendor\\laravel\\framework\\src\\Illuminate\\Pipeline\\Pipeline.php(130): Illuminate\\Foundation\\Http\\Kernel->Illuminate\\Foundation\\Http\\{closure}(Object(Illuminate\\Http\\Request))
#54 C:\\Users\\allen\\Documents\\SCHOOL\\ICS\\Third Year\\questionnaire_app\\vendor\\laravel\\framework\\src\\Illuminate\\Foundation\\Http\\Middleware\\TransformsRequest.php(21): Illuminate\\Pipeline\\Pipeline->Illuminate\\Pipeline\\{closure}(Object(Illuminate\\Http\\Request))
#55 C:\\Users\\allen\\Documents\\SCHOOL\\ICS\\Third Year\\questionnaire_app\\vendor\\laravel\\framework\\src\\Illuminate\\Pipeline\\Pipeline.php(171): Illuminate\\Foundation\\Http\\Middleware\\TransformsRequest->handle(Object(Illuminate\\Http\\Request), Object(Closure))
#56 C:\\Users\\allen\\Documents\\SCHOOL\\ICS\\Third Year\\questionnaire_app\\vendor\\laravel\\framework\\src\\Illuminate\\Foundation\\Http\\Middleware\\TransformsRequest.php(21): Illuminate\\Pipeline\\Pipeline->Illuminate\\Pipeline\\{closure}(Object(Illuminate\\Http\\Request))
#57 C:\\Users\\allen\\Documents\\SCHOOL\\ICS\\Third Year\\questionnaire_app\\vendor\\laravel\\framework\\src\\Illuminate\\Pipeline\\Pipeline.php(171): Illuminate\\Foundation\\Http\\Middleware\\TransformsRequest->handle(Object(Illuminate\\Http\\Request), Object(Closure))
#58 C:\\Users\\allen\\Documents\\SCHOOL\\ICS\\Third Year\\questionnaire_app\\vendor\\laravel\\framework\\src\\Illuminate\\Foundation\\Http\\Middleware\\ValidatePostSize.php(27): Illuminate\\Pipeline\\Pipeline->Illuminate\\Pipeline\\{closure}(Object(Illuminate\\Http\\Request))
#59 C:\\Users\\allen\\Documents\\SCHOOL\\ICS\\Third Year\\questionnaire_app\\vendor\\laravel\\framework\\src\\Illuminate\\Pipeline\\Pipeline.php(171): Illuminate\\Foundation\\Http\\Middleware\\ValidatePostSize->handle(Object(Illuminate\\Http\\Request), Object(Closure))
#60 C:\\Users\\allen\\Documents\\SCHOOL\\ICS\\Third Year\\questionnaire_app\\vendor\\laravel\\framework\\src\\Illuminate\\Foundation\\Http\\Middleware\\CheckForMaintenanceMode.php(63): Illuminate\\Pipeline\\Pipeline->Illuminate\\Pipeline\\{closure}(Object(Illuminate\\Http\\Request))
#61 C:\\Users\\allen\\Documents\\SCHOOL\\ICS\\Third Year\\questionnaire_app\\vendor\\laravel\\framework\\src\\Illuminate\\Pipeline\\Pipeline.php(171): Illuminate\\Foundation\\Http\\Middleware\\CheckForMaintenanceMode->handle(Object(Illuminate\\Http\\Request), Object(Closure))
#62 C:\\Users\\allen\\Documents\\SCHOOL\\ICS\\Third Year\\questionnaire_app\\vendor\\fideloper\\proxy\\src\\TrustProxies.php(57): Illuminate\\Pipeline\\Pipeline->Illuminate\\Pipeline\\{closure}(Object(Illuminate\\Http\\Request))
#63 C:\\Users\\allen\\Documents\\SCHOOL\\ICS\\Third Year\\questionnaire_app\\vendor\\laravel\\framework\\src\\Illuminate\\Pipeline\\Pipeline.php(171): Fideloper\\Proxy\\TrustProxies->handle(Object(Illuminate\\Http\\Request), Object(Closure))
#64 C:\\Users\\allen\\Documents\\SCHOOL\\ICS\\Third Year\\questionnaire_app\\vendor\\laravel\\framework\\src\\Illuminate\\Pipeline\\Pipeline.php(105): Illuminate\\Pipeline\\Pipeline->Illuminate\\Pipeline\\{closure}(Object(Illuminate\\Http\\Request))
#65 C:\\Users\\allen\\Documents\\SCHOOL\\ICS\\Third Year\\questionnaire_app\\vendor\\laravel\\framework\\src\\Illuminate\\Foundation\\Http\\Kernel.php(145): Illuminate\\Pipeline\\Pipeline->then(Object(Closure))
#66 C:\\Users\\allen\\Documents\\SCHOOL\\ICS\\Third Year\\questionnaire_app\\vendor\\laravel\\framework\\src\\Illuminate\\Foundation\\Http\\Kernel.php(110): Illuminate\\Foundation\\Http\\Kernel->sendRequestThroughRouter(Object(Illuminate\\Http\\Request))
#67 C:\\Users\\allen\\Documents\\SCHOOL\\ICS\\Third Year\\questionnaire_app\\public\\index.php(55): Illuminate\\Foundation\\Http\\Kernel->handle(Object(Illuminate\\Http\\Request))
#68 C:\\Users\\allen\\Documents\\SCHOOL\\ICS\\Third Year\\questionnaire_app\\server.php(21): require_once('C:\\\\Users\\\\allen\\\\...')
#69 {main}
"} 
